<?xml version="1.0" encoding="UTF-8"?>
<testng-results ignored="0" total="1" passed="1" failed="0" skipped="0">
  <reporter-output>
  </reporter-output>
  <suite started-at="2024-08-27T21:05:54 IST" name="Default suite" finished-at="2024-08-27T21:07:09 IST" duration-ms="74779">
    <groups>
      <group name="cucumber">
        <method signature="AbstractTestNGCucumberTests.runScenario(io.cucumber.testng.PickleWrapper,io.cucumber.testng.FeatureWrapper)[pri:0, instance:testRunner.TestRunner@231f98ef]" name="runScenario" class="io.cucumber.testng.AbstractTestNGCucumberTests"/>
      </group> <!-- cucumber -->
    </groups>
    <test started-at="2024-08-27T21:05:54 IST" name="Default test" finished-at="2024-08-27T21:07:09 IST" duration-ms="74779">
      <class name="testRunner.TestRunner">
        <test-method is-config="true" signature="setUpClass(org.testng.ITestContext)[pri:0, instance:testRunner.TestRunner@231f98ef]" started-at="2024-08-27T21:05:54 IST" name="setUpClass" finished-at="2024-08-27T21:05:54 IST" duration-ms="463" status="PASS">
          <params>
            <param index="0">
              <value>
                <![CDATA[org.testng.TestRunner@32a4ecbe]]>
              </value>
            </param>
          </params>
          <reporter-output>
          </reporter-output>
        </test-method> <!-- setUpClass -->
        <test-method signature="runScenario(io.cucumber.testng.PickleWrapper,io.cucumber.testng.FeatureWrapper)[pri:0, instance:testRunner.TestRunner@231f98ef]" started-at="2024-08-27T21:05:54 IST" name="runScenario" description="Runs Cucumber Scenarios" data-provider="scenarios" finished-at="2024-08-27T21:07:08 IST" duration-ms="74139" status="PASS">
          <params>
            <param index="0">
              <value>
                <![CDATA["User validate the product based on filters"]]>
              </value>
            </param>
            <param index="1">
              <value>
                <![CDATA["Douglas Application"]]>
              </value>
            </param>
          </params>
          <reporter-output>
          </reporter-output>
        </test-method> <!-- runScenario -->
        <test-method is-config="true" signature="tearDownClass()[pri:0, instance:testRunner.TestRunner@231f98ef]" started-at="2024-08-27T21:07:08 IST" name="tearDownClass" finished-at="2024-08-27T21:07:09 IST" duration-ms="130" status="PASS">
          <reporter-output>
          </reporter-output>
        </test-method> <!-- tearDownClass -->
      </class> <!-- testRunner.TestRunner -->
    </test> <!-- Default test -->
  </suite> <!-- Default suite -->
</testng-results>
